<?xml version="1.0" encoding="UTF-8"?>
<testng-results ignored="0" total="1" passed="1" failed="0" skipped="0">
  <reporter-output>
  </reporter-output>
  <suite started-at="2022-07-05T23:17:16 PDT" name="Default suite" finished-at="2022-07-05T23:17:18 PDT" duration-ms="2906">
    <groups>
    </groups>
    <test started-at="2022-07-05T23:17:16 PDT" name="Default test" finished-at="2022-07-05T23:17:18 PDT" duration-ms="2906">
      <class name="Tests.GetAndPostExamples">
        <test-method signature="testPost()[pri:0, instance:Tests.GetAndPostExamples@865dd6]" started-at="2022-07-05T23:17:16 PDT" name="testPost" finished-at="2022-07-05T23:17:18 PDT" duration-ms="2851" status="PASS">
          <reporter-output>
          </reporter-output>
        </test-method> <!-- testPost -->
      </class> <!-- Tests.GetAndPostExamples -->
    </test> <!-- Default test -->
  </suite> <!-- Default suite -->
</testng-results>
